<?xml version="1.0" encoding="UTF-8"?>
<testsuite xmlns:xsi="http://www.w3.org/2001/XMLSchema-instance" xsi:noNamespaceSchemaLocation="https://maven.apache.org/surefire/maven-surefire-plugin/xsd/surefire-test-report.xsd" name="com.example.demo.DemoApplicationTests" time="2.403" tests="1" errors="0" skipped="0" failures="0">
  <properties>
    <property name="sun.desktop" value="windows"/>
    <property name="awt.toolkit" value="sun.awt.windows.WToolkit"/>
    <property name="file.encoding.pkg" value="sun.io"/>
    <property name="java.specification.version" value="1.8"/>
    <property name="sun.cpu.isalist" value="amd64"/>
    <property name="sun.jnu.encoding" value="GBK"/>
    <property name="java.class.path" value="D:\study\idea\autoSign\target\test-classes;D:\study\idea\autoSign\target\classes;D:\develop\apache-maven-3.6.3\respoitory\org\springframework\boot\spring-boot-starter-web\2.4.1\spring-boot-starter-web-2.4.1.jar;D:\develop\apache-maven-3.6.3\respoitory\org\springframework\boot\spring-boot-starter\2.4.1\spring-boot-starter-2.4.1.jar;D:\develop\apache-maven-3.6.3\respoitory\org\springframework\boot\spring-boot\2.4.1\spring-boot-2.4.1.jar;D:\develop\apache-maven-3.6.3\respoitory\org\springframework\boot\spring-boot-autoconfigure\2.4.1\spring-boot-autoconfigure-2.4.1.jar;D:\develop\apache-maven-3.6.3\respoitory\org\springframework\boot\spring-boot-starter-logging\2.4.1\spring-boot-starter-logging-2.4.1.jar;D:\develop\apache-maven-3.6.3\respoitory\ch\qos\logback\logback-classic\1.2.3\logback-classic-1.2.3.jar;D:\develop\apache-maven-3.6.3\respoitory\ch\qos\logback\logback-core\1.2.3\logback-core-1.2.3.jar;D:\develop\apache-maven-3.6.3\respoitory\org\apache\logging\log4j\log4j-to-slf4j\2.13.3\log4j-to-slf4j-2.13.3.jar;D:\develop\apache-maven-3.6.3\respoitory\org\apache\logging\log4j\log4j-api\2.13.3\log4j-api-2.13.3.jar;D:\develop\apache-maven-3.6.3\respoitory\org\slf4j\jul-to-slf4j\1.7.30\jul-to-slf4j-1.7.30.jar;D:\develop\apache-maven-3.6.3\respoitory\jakarta\annotation\jakarta.annotation-api\1.3.5\jakarta.annotation-api-1.3.5.jar;D:\develop\apache-maven-3.6.3\respoitory\org\yaml\snakeyaml\1.27\snakeyaml-1.27.jar;D:\develop\apache-maven-3.6.3\respoitory\org\springframework\boot\spring-boot-starter-json\2.4.1\spring-boot-starter-json-2.4.1.jar;D:\develop\apache-maven-3.6.3\respoitory\com\fasterxml\jackson\core\jackson-databind\2.11.3\jackson-databind-2.11.3.jar;D:\develop\apache-maven-3.6.3\respoitory\com\fasterxml\jackson\core\jackson-annotations\2.11.3\jackson-annotations-2.11.3.jar;D:\develop\apache-maven-3.6.3\respoitory\com\fasterxml\jackson\core\jackson-core\2.11.3\jackson-core-2.11.3.jar;D:\develop\apache-maven-3.6.3\respoitory\com\fasterxml\jackson\datatype\jackson-datatype-jdk8\2.11.3\jackson-datatype-jdk8-2.11.3.jar;D:\develop\apache-maven-3.6.3\respoitory\com\fasterxml\jackson\datatype\jackson-datatype-jsr310\2.11.3\jackson-datatype-jsr310-2.11.3.jar;D:\develop\apache-maven-3.6.3\respoitory\com\fasterxml\jackson\module\jackson-module-parameter-names\2.11.3\jackson-module-parameter-names-2.11.3.jar;D:\develop\apache-maven-3.6.3\respoitory\org\springframework\boot\spring-boot-starter-tomcat\2.4.1\spring-boot-starter-tomcat-2.4.1.jar;D:\develop\apache-maven-3.6.3\respoitory\org\apache\tomcat\embed\tomcat-embed-core\9.0.41\tomcat-embed-core-9.0.41.jar;D:\develop\apache-maven-3.6.3\respoitory\org\glassfish\jakarta.el\3.0.3\jakarta.el-3.0.3.jar;D:\develop\apache-maven-3.6.3\respoitory\org\apache\tomcat\embed\tomcat-embed-websocket\9.0.41\tomcat-embed-websocket-9.0.41.jar;D:\develop\apache-maven-3.6.3\respoitory\org\springframework\spring-web\5.3.2\spring-web-5.3.2.jar;D:\develop\apache-maven-3.6.3\respoitory\org\springframework\spring-beans\5.3.2\spring-beans-5.3.2.jar;D:\develop\apache-maven-3.6.3\respoitory\org\springframework\spring-webmvc\5.3.2\spring-webmvc-5.3.2.jar;D:\develop\apache-maven-3.6.3\respoitory\org\springframework\spring-aop\5.3.2\spring-aop-5.3.2.jar;D:\develop\apache-maven-3.6.3\respoitory\org\springframework\spring-context\5.3.2\spring-context-5.3.2.jar;D:\develop\apache-maven-3.6.3\respoitory\org\springframework\spring-expression\5.3.2\spring-expression-5.3.2.jar;D:\develop\apache-maven-3.6.3\respoitory\com\konghq\unirest-java\3.11.09\unirest-java-3.11.09.jar;D:\develop\apache-maven-3.6.3\respoitory\org\apache\httpcomponents\httpclient\4.5.13\httpclient-4.5.13.jar;D:\develop\apache-maven-3.6.3\respoitory\org\apache\httpcomponents\httpcore\4.4.14\httpcore-4.4.14.jar;D:\develop\apache-maven-3.6.3\respoitory\commons-codec\commons-codec\1.15\commons-codec-1.15.jar;D:\develop\apache-maven-3.6.3\respoitory\org\apache\httpcomponents\httpmime\4.5.13\httpmime-4.5.13.jar;D:\develop\apache-maven-3.6.3\respoitory\org\apache\httpcomponents\httpcore-nio\4.4.14\httpcore-nio-4.4.14.jar;D:\develop\apache-maven-3.6.3\respoitory\org\apache\httpcomponents\httpasyncclient\4.1.4\httpasyncclient-4.1.4.jar;D:\develop\apache-maven-3.6.3\respoitory\com\google\code\gson\gson\2.8.6\gson-2.8.6.jar;D:\develop\apache-maven-3.6.3\respoitory\org\springframework\boot\spring-boot-starter-test\2.4.1\spring-boot-starter-test-2.4.1.jar;D:\develop\apache-maven-3.6.3\respoitory\org\springframework\boot\spring-boot-test\2.4.1\spring-boot-test-2.4.1.jar;D:\develop\apache-maven-3.6.3\respoitory\org\springframework\boot\spring-boot-test-autoconfigure\2.4.1\spring-boot-test-autoconfigure-2.4.1.jar;D:\develop\apache-maven-3.6.3\respoitory\com\jayway\jsonpath\json-path\2.4.0\json-path-2.4.0.jar;D:\develop\apache-maven-3.6.3\respoitory\net\minidev\json-smart\2.3\json-smart-2.3.jar;D:\develop\apache-maven-3.6.3\respoitory\net\minidev\accessors-smart\1.2\accessors-smart-1.2.jar;D:\develop\apache-maven-3.6.3\respoitory\org\ow2\asm\asm\5.0.4\asm-5.0.4.jar;D:\develop\apache-maven-3.6.3\respoitory\org\slf4j\slf4j-api\1.7.30\slf4j-api-1.7.30.jar;D:\develop\apache-maven-3.6.3\respoitory\jakarta\xml\bind\jakarta.xml.bind-api\2.3.3\jakarta.xml.bind-api-2.3.3.jar;D:\develop\apache-maven-3.6.3\respoitory\jakarta\activation\jakarta.activation-api\1.2.2\jakarta.activation-api-1.2.2.jar;D:\develop\apache-maven-3.6.3\respoitory\org\assertj\assertj-core\3.18.1\assertj-core-3.18.1.jar;D:\develop\apache-maven-3.6.3\respoitory\org\hamcrest\hamcrest\2.2\hamcrest-2.2.jar;D:\develop\apache-maven-3.6.3\respoitory\org\junit\jupiter\junit-jupiter\5.7.0\junit-jupiter-5.7.0.jar;D:\develop\apache-maven-3.6.3\respoitory\org\junit\jupiter\junit-jupiter-api\5.7.0\junit-jupiter-api-5.7.0.jar;D:\develop\apache-maven-3.6.3\respoitory\org\apiguardian\apiguardian-api\1.1.0\apiguardian-api-1.1.0.jar;D:\develop\apache-maven-3.6.3\respoitory\org\opentest4j\opentest4j\1.2.0\opentest4j-1.2.0.jar;D:\develop\apache-maven-3.6.3\respoitory\org\junit\platform\junit-platform-commons\1.7.0\junit-platform-commons-1.7.0.jar;D:\develop\apache-maven-3.6.3\respoitory\org\junit\jupiter\junit-jupiter-params\5.7.0\junit-jupiter-params-5.7.0.jar;D:\develop\apache-maven-3.6.3\respoitory\org\junit\jupiter\junit-jupiter-engine\5.7.0\junit-jupiter-engine-5.7.0.jar;D:\develop\apache-maven-3.6.3\respoitory\org\junit\platform\junit-platform-engine\1.7.0\junit-platform-engine-1.7.0.jar;D:\develop\apache-maven-3.6.3\respoitory\org\mockito\mockito-core\3.6.28\mockito-core-3.6.28.jar;D:\develop\apache-maven-3.6.3\respoitory\net\bytebuddy\byte-buddy\1.10.18\byte-buddy-1.10.18.jar;D:\develop\apache-maven-3.6.3\respoitory\net\bytebuddy\byte-buddy-agent\1.10.18\byte-buddy-agent-1.10.18.jar;D:\develop\apache-maven-3.6.3\respoitory\org\objenesis\objenesis\3.1\objenesis-3.1.jar;D:\develop\apache-maven-3.6.3\respoitory\org\mockito\mockito-junit-jupiter\3.6.28\mockito-junit-jupiter-3.6.28.jar;D:\develop\apache-maven-3.6.3\respoitory\org\skyscreamer\jsonassert\1.5.0\jsonassert-1.5.0.jar;D:\develop\apache-maven-3.6.3\respoitory\com\vaadin\external\google\android-json\0.0.20131108.vaadin1\android-json-0.0.20131108.vaadin1.jar;D:\develop\apache-maven-3.6.3\respoitory\org\springframework\spring-core\5.3.2\spring-core-5.3.2.jar;D:\develop\apache-maven-3.6.3\respoitory\org\springframework\spring-jcl\5.3.2\spring-jcl-5.3.2.jar;D:\develop\apache-maven-3.6.3\respoitory\org\springframework\spring-test\5.3.2\spring-test-5.3.2.jar;D:\develop\apache-maven-3.6.3\respoitory\org\xmlunit\xmlunit-core\2.7.0\xmlunit-core-2.7.0.jar;"/>
    <property name="java.vm.vendor" value="Oracle Corporation"/>
    <property name="sun.arch.data.model" value="64"/>
    <property name="user.variant" value=""/>
    <property name="java.vendor.url" value="http://java.oracle.com/"/>
    <property name="user.timezone" value="Asia/Shanghai"/>
    <property name="java.vm.specification.version" value="1.8"/>
    <property name="os.name" value="Windows 10"/>
    <property name="user.country" value="CN"/>
    <property name="sun.java.launcher" value="SUN_STANDARD"/>
    <property name="sun.boot.library.path" value="D:\develop\jdk1.8.0_192\jre\bin"/>
    <property name="sun.java.command" value="C:\Users\xopen\AppData\Local\Temp\surefire3670891047557247184\surefirebooter4134689704382940964.jar C:\Users\xopen\AppData\Local\Temp\surefire3670891047557247184 2021-01-05T17-07-54_165-jvmRun1 surefire1396213478936297702tmp surefire_04277375923645319825tmp"/>
    <property name="surefire.test.class.path" value="D:\study\idea\autoSign\target\test-classes;D:\study\idea\autoSign\target\classes;D:\develop\apache-maven-3.6.3\respoitory\org\springframework\boot\spring-boot-starter-web\2.4.1\spring-boot-starter-web-2.4.1.jar;D:\develop\apache-maven-3.6.3\respoitory\org\springframework\boot\spring-boot-starter\2.4.1\spring-boot-starter-2.4.1.jar;D:\develop\apache-maven-3.6.3\respoitory\org\springframework\boot\spring-boot\2.4.1\spring-boot-2.4.1.jar;D:\develop\apache-maven-3.6.3\respoitory\org\springframework\boot\spring-boot-autoconfigure\2.4.1\spring-boot-autoconfigure-2.4.1.jar;D:\develop\apache-maven-3.6.3\respoitory\org\springframework\boot\spring-boot-starter-logging\2.4.1\spring-boot-starter-logging-2.4.1.jar;D:\develop\apache-maven-3.6.3\respoitory\ch\qos\logback\logback-classic\1.2.3\logback-classic-1.2.3.jar;D:\develop\apache-maven-3.6.3\respoitory\ch\qos\logback\logback-core\1.2.3\logback-core-1.2.3.jar;D:\develop\apache-maven-3.6.3\respoitory\org\apache\logging\log4j\log4j-to-slf4j\2.13.3\log4j-to-slf4j-2.13.3.jar;D:\develop\apache-maven-3.6.3\respoitory\org\apache\logging\log4j\log4j-api\2.13.3\log4j-api-2.13.3.jar;D:\develop\apache-maven-3.6.3\respoitory\org\slf4j\jul-to-slf4j\1.7.30\jul-to-slf4j-1.7.30.jar;D:\develop\apache-maven-3.6.3\respoitory\jakarta\annotation\jakarta.annotation-api\1.3.5\jakarta.annotation-api-1.3.5.jar;D:\develop\apache-maven-3.6.3\respoitory\org\yaml\snakeyaml\1.27\snakeyaml-1.27.jar;D:\develop\apache-maven-3.6.3\respoitory\org\springframework\boot\spring-boot-starter-json\2.4.1\spring-boot-starter-json-2.4.1.jar;D:\develop\apache-maven-3.6.3\respoitory\com\fasterxml\jackson\core\jackson-databind\2.11.3\jackson-databind-2.11.3.jar;D:\develop\apache-maven-3.6.3\respoitory\com\fasterxml\jackson\core\jackson-annotations\2.11.3\jackson-annotations-2.11.3.jar;D:\develop\apache-maven-3.6.3\respoitory\com\fasterxml\jackson\core\jackson-core\2.11.3\jackson-core-2.11.3.jar;D:\develop\apache-maven-3.6.3\respoitory\com\fasterxml\jackson\datatype\jackson-datatype-jdk8\2.11.3\jackson-datatype-jdk8-2.11.3.jar;D:\develop\apache-maven-3.6.3\respoitory\com\fasterxml\jackson\datatype\jackson-datatype-jsr310\2.11.3\jackson-datatype-jsr310-2.11.3.jar;D:\develop\apache-maven-3.6.3\respoitory\com\fasterxml\jackson\module\jackson-module-parameter-names\2.11.3\jackson-module-parameter-names-2.11.3.jar;D:\develop\apache-maven-3.6.3\respoitory\org\springframework\boot\spring-boot-starter-tomcat\2.4.1\spring-boot-starter-tomcat-2.4.1.jar;D:\develop\apache-maven-3.6.3\respoitory\org\apache\tomcat\embed\tomcat-embed-core\9.0.41\tomcat-embed-core-9.0.41.jar;D:\develop\apache-maven-3.6.3\respoitory\org\glassfish\jakarta.el\3.0.3\jakarta.el-3.0.3.jar;D:\develop\apache-maven-3.6.3\respoitory\org\apache\tomcat\embed\tomcat-embed-websocket\9.0.41\tomcat-embed-websocket-9.0.41.jar;D:\develop\apache-maven-3.6.3\respoitory\org\springframework\spring-web\5.3.2\spring-web-5.3.2.jar;D:\develop\apache-maven-3.6.3\respoitory\org\springframework\spring-beans\5.3.2\spring-beans-5.3.2.jar;D:\develop\apache-maven-3.6.3\respoitory\org\springframework\spring-webmvc\5.3.2\spring-webmvc-5.3.2.jar;D:\develop\apache-maven-3.6.3\respoitory\org\springframework\spring-aop\5.3.2\spring-aop-5.3.2.jar;D:\develop\apache-maven-3.6.3\respoitory\org\springframework\spring-context\5.3.2\spring-context-5.3.2.jar;D:\develop\apache-maven-3.6.3\respoitory\org\springframework\spring-expression\5.3.2\spring-expression-5.3.2.jar;D:\develop\apache-maven-3.6.3\respoitory\com\konghq\unirest-java\3.11.09\unirest-java-3.11.09.jar;D:\develop\apache-maven-3.6.3\respoitory\org\apache\httpcomponents\httpclient\4.5.13\httpclient-4.5.13.jar;D:\develop\apache-maven-3.6.3\respoitory\org\apache\httpcomponents\httpcore\4.4.14\httpcore-4.4.14.jar;D:\develop\apache-maven-3.6.3\respoitory\commons-codec\commons-codec\1.15\commons-codec-1.15.jar;D:\develop\apache-maven-3.6.3\respoitory\org\apache\httpcomponents\httpmime\4.5.13\httpmime-4.5.13.jar;D:\develop\apache-maven-3.6.3\respoitory\org\apache\httpcomponents\httpcore-nio\4.4.14\httpcore-nio-4.4.14.jar;D:\develop\apache-maven-3.6.3\respoitory\org\apache\httpcomponents\httpasyncclient\4.1.4\httpasyncclient-4.1.4.jar;D:\develop\apache-maven-3.6.3\respoitory\com\google\code\gson\gson\2.8.6\gson-2.8.6.jar;D:\develop\apache-maven-3.6.3\respoitory\org\springframework\boot\spring-boot-starter-test\2.4.1\spring-boot-starter-test-2.4.1.jar;D:\develop\apache-maven-3.6.3\respoitory\org\springframework\boot\spring-boot-test\2.4.1\spring-boot-test-2.4.1.jar;D:\develop\apache-maven-3.6.3\respoitory\org\springframework\boot\spring-boot-test-autoconfigure\2.4.1\spring-boot-test-autoconfigure-2.4.1.jar;D:\develop\apache-maven-3.6.3\respoitory\com\jayway\jsonpath\json-path\2.4.0\json-path-2.4.0.jar;D:\develop\apache-maven-3.6.3\respoitory\net\minidev\json-smart\2.3\json-smart-2.3.jar;D:\develop\apache-maven-3.6.3\respoitory\net\minidev\accessors-smart\1.2\accessors-smart-1.2.jar;D:\develop\apache-maven-3.6.3\respoitory\org\ow2\asm\asm\5.0.4\asm-5.0.4.jar;D:\develop\apache-maven-3.6.3\respoitory\org\slf4j\slf4j-api\1.7.30\slf4j-api-1.7.30.jar;D:\develop\apache-maven-3.6.3\respoitory\jakarta\xml\bind\jakarta.xml.bind-api\2.3.3\jakarta.xml.bind-api-2.3.3.jar;D:\develop\apache-maven-3.6.3\respoitory\jakarta\activation\jakarta.activation-api\1.2.2\jakarta.activation-api-1.2.2.jar;D:\develop\apache-maven-3.6.3\respoitory\org\assertj\assertj-core\3.18.1\assertj-core-3.18.1.jar;D:\develop\apache-maven-3.6.3\respoitory\org\hamcrest\hamcrest\2.2\hamcrest-2.2.jar;D:\develop\apache-maven-3.6.3\respoitory\org\junit\jupiter\junit-jupiter\5.7.0\junit-jupiter-5.7.0.jar;D:\develop\apache-maven-3.6.3\respoitory\org\junit\jupiter\junit-jupiter-api\5.7.0\junit-jupiter-api-5.7.0.jar;D:\develop\apache-maven-3.6.3\respoitory\org\apiguardian\apiguardian-api\1.1.0\apiguardian-api-1.1.0.jar;D:\develop\apache-maven-3.6.3\respoitory\org\opentest4j\opentest4j\1.2.0\opentest4j-1.2.0.jar;D:\develop\apache-maven-3.6.3\respoitory\org\junit\platform\junit-platform-commons\1.7.0\junit-platform-commons-1.7.0.jar;D:\develop\apache-maven-3.6.3\respoitory\org\junit\jupiter\junit-jupiter-params\5.7.0\junit-jupiter-params-5.7.0.jar;D:\develop\apache-maven-3.6.3\respoitory\org\junit\jupiter\junit-jupiter-engine\5.7.0\junit-jupiter-engine-5.7.0.jar;D:\develop\apache-maven-3.6.3\respoitory\org\junit\platform\junit-platform-engine\1.7.0\junit-platform-engine-1.7.0.jar;D:\develop\apache-maven-3.6.3\respoitory\org\mockito\mockito-core\3.6.28\mockito-core-3.6.28.jar;D:\develop\apache-maven-3.6.3\respoitory\net\bytebuddy\byte-buddy\1.10.18\byte-buddy-1.10.18.jar;D:\develop\apache-maven-3.6.3\respoitory\net\bytebuddy\byte-buddy-agent\1.10.18\byte-buddy-agent-1.10.18.jar;D:\develop\apache-maven-3.6.3\respoitory\org\objenesis\objenesis\3.1\objenesis-3.1.jar;D:\develop\apache-maven-3.6.3\respoitory\org\mockito\mockito-junit-jupiter\3.6.28\mockito-junit-jupiter-3.6.28.jar;D:\develop\apache-maven-3.6.3\respoitory\org\skyscreamer\jsonassert\1.5.0\jsonassert-1.5.0.jar;D:\develop\apache-maven-3.6.3\respoitory\com\vaadin\external\google\android-json\0.0.20131108.vaadin1\android-json-0.0.20131108.vaadin1.jar;D:\develop\apache-maven-3.6.3\respoitory\org\springframework\spring-core\5.3.2\spring-core-5.3.2.jar;D:\develop\apache-maven-3.6.3\respoitory\org\springframework\spring-jcl\5.3.2\spring-jcl-5.3.2.jar;D:\develop\apache-maven-3.6.3\respoitory\org\springframework\spring-test\5.3.2\spring-test-5.3.2.jar;D:\develop\apache-maven-3.6.3\respoitory\org\xmlunit\xmlunit-core\2.7.0\xmlunit-core-2.7.0.jar;"/>
    <property name="sun.cpu.endian" value="little"/>
    <property name="user.home" value="C:\Users\xopen"/>
    <property name="user.language" value="zh"/>
    <property name="java.specification.vendor" value="Oracle Corporation"/>
    <property name="java.home" value="D:\develop\jdk1.8.0_192\jre"/>
    <property name="basedir" value="D:\study\idea\autoSign"/>
    <property name="file.separator" value="\"/>
    <property name="line.separator" value="&#10;"/>
    <property name="java.vm.specification.vendor" value="Oracle Corporation"/>
    <property name="java.specification.name" value="Java Platform API Specification"/>
    <property name="java.awt.graphicsenv" value="sun.awt.Win32GraphicsEnvironment"/>
    <property name="surefire.real.class.path" value="C:\Users\xopen\AppData\Local\Temp\surefire3670891047557247184\surefirebooter4134689704382940964.jar"/>
    <property name="sun.boot.class.path" value="D:\develop\jdk1.8.0_192\jre\lib\resources.jar;D:\develop\jdk1.8.0_192\jre\lib\rt.jar;D:\develop\jdk1.8.0_192\jre\lib\sunrsasign.jar;D:\develop\jdk1.8.0_192\jre\lib\jsse.jar;D:\develop\jdk1.8.0_192\jre\lib\jce.jar;D:\develop\jdk1.8.0_192\jre\lib\charsets.jar;D:\develop\jdk1.8.0_192\jre\lib\jfr.jar;D:\develop\jdk1.8.0_192\jre\classes"/>
    <property name="user.script" value=""/>
    <property name="sun.management.compiler" value="HotSpot 64-Bit Tiered Compilers"/>
    <property name="java.runtime.version" value="1.8.0_192-b12"/>
    <property name="user.name" value="xopen"/>
    <property name="path.separator" value=";"/>
    <property name="os.version" value="10.0"/>
    <property name="java.endorsed.dirs" value="D:\develop\jdk1.8.0_192\jre\lib\endorsed"/>
    <property name="java.runtime.name" value="Java(TM) SE Runtime Environment"/>
    <property name="file.encoding" value="GBK"/>
    <property name="java.vm.name" value="Java HotSpot(TM) 64-Bit Server VM"/>
    <property name="localRepository" value="D:\develop\apache-maven-3.6.3\respoitory"/>
    <property name="java.vendor.url.bug" value="http://bugreport.sun.com/bugreport/"/>
    <property name="java.io.tmpdir" value="C:\Users\xopen\AppData\Local\Temp\"/>
    <property name="idea.version" value="2020.2.2"/>
    <property name="java.version" value="1.8.0_192"/>
    <property name="user.dir" value="D:\study\idea\autoSign"/>
    <property name="os.arch" value="amd64"/>
    <property name="java.vm.specification.name" value="Java Virtual Machine Specification"/>
    <property name="java.awt.printerjob" value="sun.awt.windows.WPrinterJob"/>
    <property name="sun.os.patch.level" value=""/>
    <property name="java.library.path" value="D:\develop\jdk1.8.0_192\jre\bin;C:\WINDOWS\Sun\Java\bin;C:\WINDOWS\system32;C:\WINDOWS;D:\software\xftp6\;C:\WINDOWS\system32;C:\WINDOWS;C:\WINDOWS\System32\Wbem;C:\WINDOWS\System32\WindowsPowerShell\v1.0\;C:\WINDOWS\System32\OpenSSH\;D:\develop\nodejs\;D:\develop\jdk1.8.0_192\bin;D:\develop\jdk-11.0.2\bin;D:\develop\nodejs\global;D:\software\Git 2.29.2.2\cmd;D:\develop\apache-maven-3.6.3\bin;D:\software\putty\;C:\Users\xopen\AppData\Local\Microsoft\WindowsApps;C:\Users\xopen\AppData\Roaming\npm;."/>
    <property name="java.vm.info" value="mixed mode"/>
    <property name="java.vendor" value="Oracle Corporation"/>
    <property name="java.vm.version" value="25.192-b12"/>
    <property name="java.ext.dirs" value="D:\develop\jdk1.8.0_192\jre\lib\ext;C:\WINDOWS\Sun\Java\lib\ext"/>
    <property name="sun.io.unicode.encoding" value="UnicodeLittle"/>
    <property name="maven.repo.local" value="D:\develop\apache-maven-3.6.3\respoitory"/>
    <property name="java.class.version" value="52.0"/>
  </properties>
  <testcase name="contextLoads" classname="com.example.demo.DemoApplicationTests" time="0.194"/>
</testsuite>